<html>
<body>
<pre>
<h1>µVision Build Log</h1>
<h2>Tool Versions:</h2>
IDE-Version: µVision V5.28.0.0
Copyright (C) 2019 ARM Ltd and ARM Germany GmbH. All rights reserved.
License Information: Adam Ait Hamid, ESIEE, LIC=----
 
Tool Versions:
Toolchain:       MDK-Lite  Version: 5.28.0.0
Toolchain Path:  C:\Keil_v5\ARM\ARMCC\Bin
C Compiler:      Armcc.exe V5.06 update 6 (build 750)
Assembler:       Armasm.exe V5.06 update 6 (build 750)
Linker/Locator:  ArmLink.exe V5.06 update 6 (build 750)
Library Manager: ArmAr.exe V5.06 update 6 (build 750)
Hex Converter:   FromElf.exe V5.06 update 6 (build 750)
CPU DLL:         SARMCM3.DLL V5.28.0.0
Dialog DLL:      DCM.DLL V1.17.3.0
Target DLL:      lmidk-agdi.dll V???
Dialog DLL:      TCM.DLL V1.36.2.0
 
<h2>Project:</h2>
C:\Users\TOP SECRET\Documents\GitHub\snake_arm\TP1.uvprojx
Project File Date:  10/07/2022

<h2>Output:</h2>
*** Using Compiler 'V5.06 update 6 (build 750)', folder: 'C:\Keil_v5\ARM\ARMCC\Bin'
Rebuild target 'Target 1'
assembling RK_PriseEnMain_Moteurs.s...
RK_PriseEnMain_Moteurs.s(8): error: A1106E: Missing comma
RK_PriseEnMain_Moteurs.s(13): error: A1137E: Unexpected characters at end of line
RK_PriseEnMain_Moteurs.s(14): error: A1137E: Unexpected characters at end of line
RK_PriseEnMain_Moteurs.s(20): error: A1647E: Bad register name symbol, expected Integer register
RK_PriseEnMain_Moteurs.s(21): error: A1647E: Bad register name symbol, expected Integer register
RK_PriseEnMain_Moteurs.s(24): error: A1647E: Bad register name symbol, expected Integer register
RK_PriseEnMain_Moteurs.s(28): error: A1647E: Bad register name symbol, expected Integer register
RK_PriseEnMain_Moteurs.s(30): error: A1647E: Bad register name symbol, expected Integer register
RK_PriseEnMain_Moteurs.s(34): error: A1647E: Bad register name symbol, expected Integer register
RK_PriseEnMain_Moteurs.s(35): error: A1647E: Bad register name symbol, expected Integer register
RK_PriseEnMain_Moteurs.s(45): error: A1207E: Bad or unknown attribute
RK_PriseEnMain_Moteurs.s(47): error: A1180E: Missing close quote
RK_PriseEnMain_Moteurs.s(52): warning: A1313W: Missing END directive at end of file
assembling RK_Config_Moteur.s...
assembling startup_ARMCM3.s...
compiling system_ARMCM3.c...
".\Objects\TP1.axf" - 12 Error(s), 1 Warning(s).

<h2>Software Packages used:</h2>

Package Vendor: ARM
                http://www.keil.com/pack/ARM.CMSIS.5.9.0.pack
                ARM.CMSIS.5.9.0
                CMSIS (Common Microcontroller Software Interface Standard)
   * Component: CORE Version: 5.6.0
   * Component: Startup Version: 1.2.2

<h2>Collection of Component include folders:</h2>
  .\RTE\_Target_1
  C:\Users\TOP SECRET\AppData\Local\Arm\Packs\ARM\CMSIS\5.9.0\CMSIS\Core\Include
  C:\Users\TOP SECRET\AppData\Local\Arm\Packs\ARM\CMSIS\5.9.0\Device\ARM\ARMCM3\Include

<h2>Collection of Component Files used:</h2>

   * Component: ARM::CMSIS:CORE:5.6.0

   * Component: ARM::Device:Startup:1.2.2
      Source file:   Device\ARM\ARMCM3\Source\system_ARMCM3.c
      Include file:  Device\ARM\ARMCM3\Include\ARMCM3.h
      Source file:   Device\ARM\ARMCM3\Source\ARM\startup_ARMCM3.s
Target not created.
Build Time Elapsed:  00:00:00
</pre>
</body>
</html>
